c:\users\ishank\documents\final final\app2\debug\app2\app2.winmd
c:\users\ishank\documents\final final\app2\debug\app2\app2.lib
c:\users\ishank\documents\final final\app2\debug\app2\app2.exp
c:\users\ishank\documents\final final\app2\app2\debug\app2.vcxprojresolveassemblyreference.cache
c:\users\ishank\documents\final final\app2\app2\generated files\app.g.h
c:\users\ishank\documents\final final\app2\app2\generated files\c.g.h
c:\users\ishank\documents\final final\app2\app2\generated files\firstpage.g.h
c:\users\ishank\documents\final final\app2\app2\generated files\mainfront.g.h
c:\users\ishank\documents\final final\app2\app2\generated files\mainpage.g.h
c:\users\ishank\documents\final final\app2\app2\generated files\mainpage1.g.h
c:\users\ishank\documents\final final\app2\app2\generated files\north.g.h
c:\users\ishank\documents\final final\app2\app2\generated files\north1.g.h
c:\users\ishank\documents\final final\app2\app2\generated files\northfront.g.h
c:\users\ishank\documents\final final\app2\app2\generated files\p1.g.h
c:\users\ishank\documents\final final\app2\app2\generated files\p2.g.h
c:\users\ishank\documents\final final\app2\app2\generated files\xamllibmetadataprovider.g.cpp
c:\users\ishank\documents\final final\app2\app2\generated files\xamltypeinfo.impl.g.cpp
c:\users\ishank\documents\final final\app2\app2\generated files\app.xaml
c:\users\ishank\documents\final final\app2\app2\generated files\c.xaml
c:\users\ishank\documents\final final\app2\app2\generated files\mainfront.xaml
c:\users\ishank\documents\final final\app2\app2\generated files\p2.xaml
c:\users\ishank\documents\final final\app2\app2\generated files\firstpage.xaml
c:\users\ishank\documents\final final\app2\app2\generated files\mainpage.xaml
c:\users\ishank\documents\final final\app2\app2\generated files\mainpage1.xaml
c:\users\ishank\documents\final final\app2\app2\generated files\north.xaml
c:\users\ishank\documents\final final\app2\app2\generated files\north1.xaml
c:\users\ishank\documents\final final\app2\app2\generated files\northfront.xaml
c:\users\ishank\documents\final final\app2\app2\generated files\p1.xaml
c:\users\ishank\documents\final final\app2\app2\generated files\app.xbf
c:\users\ishank\documents\final final\app2\app2\generated files\c.xbf
c:\users\ishank\documents\final final\app2\app2\generated files\mainfront.xbf
c:\users\ishank\documents\final final\app2\app2\generated files\p2.xbf
c:\users\ishank\documents\final final\app2\app2\generated files\firstpage.xbf
c:\users\ishank\documents\final final\app2\app2\generated files\mainpage.xbf
c:\users\ishank\documents\final final\app2\app2\generated files\mainpage1.xbf
c:\users\ishank\documents\final final\app2\app2\generated files\north.xbf
c:\users\ishank\documents\final final\app2\app2\generated files\north1.xbf
c:\users\ishank\documents\final final\app2\app2\generated files\northfront.xbf
c:\users\ishank\documents\final final\app2\app2\generated files\p1.xbf
c:\users\ishank\documents\final final\app2\app2\debug\xamlsavestatefile.xml
c:\users\ishank\documents\final final\app2\app2\generated files\xamltypeinfo.g.cpp
c:\users\ishank\documents\final final\app2\debug\app2\app.xbf
c:\users\ishank\documents\final final\app2\debug\app2\c.xbf
c:\users\ishank\documents\final final\app2\debug\app2\firstpage.xbf
c:\users\ishank\documents\final final\app2\debug\app2\mainfront.xbf
c:\users\ishank\documents\final final\app2\debug\app2\mainpage.xbf
c:\users\ishank\documents\final final\app2\debug\app2\mainpage1.xbf
c:\users\ishank\documents\final final\app2\debug\app2\north.xbf
c:\users\ishank\documents\final final\app2\debug\app2\north1.xbf
c:\users\ishank\documents\final final\app2\debug\app2\northfront.xbf
c:\users\ishank\documents\final final\app2\debug\app2\p1.xbf
c:\users\ishank\documents\final final\app2\debug\app2\p2.xbf
c:\users\ishank\documents\final final\app2\app2\debug\resourcehandlingtask.state
c:\users\ishank\documents\final final\app2\app2\debug\priconfig.xml
c:\users\ishank\documents\final final\app2\app2\debug\priconfig.xml.intermediate
c:\users\ishank\documents\final final\app2\app2\debug\layout.resfiles
c:\users\ishank\documents\final final\app2\app2\debug\layout.resfiles.intermediate
c:\users\ishank\documents\final final\app2\app2\debug\resources.resfiles
c:\users\ishank\documents\final final\app2\app2\debug\resources.resfiles.intermediate
c:\users\ishank\documents\final final\app2\app2\debug\pri.resfiles
c:\users\ishank\documents\final final\app2\app2\debug\pri.resfiles.intermediate
c:\users\ishank\documents\final final\app2\debug\app2\resources.pri
c:\users\ishank\documents\final final\app2\app2\debug\qualifiers.txt
c:\users\ishank\documents\final final\app2\app2\debug\qualifiers.txt.intermediate
c:\users\ishank\documents\final final\app2\app2\debug\multiplequalifiersperdimensionfound.txt
c:\users\ishank\documents\final final\app2\app2\debug\projectarchitectures.txt
c:\users\ishank\documents\final final\app2\debug\app2\appxmanifest.xml
c:\users\ishank\documents\final final\app2\debug\app2\app2.build.appxrecipe
c:\users\ishank\documents\final final\app2\app2\debug\app2.pch
c:\users\ishank\documents\final final\app2\app2\debug\vc140.pdb
c:\users\ishank\documents\final final\app2\app2\debug\vc140.idb
c:\users\ishank\documents\final final\app2\app2\debug\pch.obj
c:\users\ishank\documents\final final\app2\app2\debug\app.xaml.obj
c:\users\ishank\documents\final final\app2\app2\debug\mainpage1.xaml.obj
c:\users\ishank\documents\final final\app2\app2\debug\evalsettings.obj
c:\users\ishank\documents\final final\app2\app2\debug\gamecontroller.obj
c:\users\ishank\documents\final final\app2\app2\debug\mainpage.xaml.obj
c:\users\ishank\documents\final final\app2\app2\debug\position.obj
c:\users\ishank\documents\final final\app2\app2\debug\xamltypeinfo.impl.g.obj
c:\users\ishank\documents\final final\app2\app2\debug\firstpage.xaml.obj
c:\users\ishank\documents\final final\app2\app2\debug\move.obj
c:\users\ishank\documents\final final\app2\app2\debug\north.xaml.obj
c:\users\ishank\documents\final final\app2\app2\debug\board.obj
c:\users\ishank\documents\final final\app2\app2\debug\gamenode.obj
c:\users\ishank\documents\final final\app2\app2\debug\mainfront.xaml.obj
c:\users\ishank\documents\final final\app2\app2\debug\northfront.xaml.obj
c:\users\ishank\documents\final final\app2\app2\debug\north1.xaml.obj
c:\users\ishank\documents\final final\app2\app2\debug\p2.xaml.obj
c:\users\ishank\documents\final final\app2\app2\debug\p1.xaml.obj
c:\users\ishank\documents\final final\app2\app2\debug\c.xaml.obj
c:\users\ishank\documents\final final\app2\app2\debug\xamltypeinfo.g.obj
c:\users\ishank\documents\final final\app2\app2\debug\app2.tlog\app2.winmd.lastbuild
c:\users\ishank\documents\final final\app2\debug\app2\app2.ilk
c:\users\ishank\documents\final final\app2\debug\app2\app2.exe
c:\users\ishank\documents\final final\app2\debug\app2\app2.pdb
c:\users\ishank\documents\final final\app2\app2\debug\app2.res
c:\users\ishank\documents\final final\app2\app2\debug\nmm.xaml.obj
c:\users\ishank\documents\final final\app2\app2\debug\northcott.xaml.obj
c:\users\ishank\documents\final final\app2\app2\debug\mainpage.xaml.obj.enc
c:\users\ishank\documents\final final\app2\app2\debug\embed.resfiles
c:\users\ishank\documents\final final\app2\app2\debug\app2.tlog\app2.read.1u.tlog
c:\users\ishank\documents\final final\app2\app2\debug\app2.tlog\app2.write.1u.tlog
c:\users\ishank\documents\final final\app2\app2\debug\app2.tlog\cl.command.1.tlog
c:\users\ishank\documents\final final\app2\app2\debug\app2.tlog\cl.read.1.tlog
c:\users\ishank\documents\final final\app2\app2\debug\app2.tlog\cl.write.1.tlog
c:\users\ishank\documents\final final\app2\app2\debug\app2.tlog\link.command.1.tlog
c:\users\ishank\documents\final final\app2\app2\debug\app2.tlog\link.delete.1.tlog
c:\users\ishank\documents\final final\app2\app2\debug\app2.tlog\link.read.1.tlog
c:\users\ishank\documents\final final\app2\app2\debug\app2.tlog\link.write.1.tlog
c:\users\ishank\documents\final final\app2\app2\debug\app2.tlog\rc.command.1.tlog
c:\users\ishank\documents\final final\app2\app2\debug\app2.tlog\rc.read.1.tlog
c:\users\ishank\documents\final final\app2\app2\debug\app2.tlog\rc.write.1.tlog
c:\users\ishank\documents\final final\app2\app2\generated files\blankpage.g.h
c:\users\ishank\documents\final final\app2\app2\generated files\mainpage2.g.h
c:\users\ishank\documents\final final\app2\app2\generated files\nmm.g.h
c:\users\ishank\documents\final final\app2\app2\generated files\northcott.g.h
c:\users\ishank\documents\final final\app2\app2\generated files\rules1.g.h
c:\users\ishank\documents\final final\app2\app2\generated files\xamlbindinginfo.g.h
c:\users\ishank\documents\final final\app2\app2\generated files\xamltypeinfo.g.h
c:\users\ishank\documents\final final\app2\app2\generated files\nmm.xaml
c:\users\ishank\documents\final final\app2\app2\generated files\northcott.xaml
